<?xml version="1.0" encoding="UTF-8"?>
<testsuite name="com.example.jobanner.jordanstrying.ExampleUnitTest" tests="1" skipped="0" failures="0" errors="0" timestamp="2018-11-06T01:56:44" hostname="9BNY7H2" time="0.001">
  <properties/>
  <testcase name="addition_isCorrect" classname="com.example.jobanner.jordanstrying.ExampleUnitTest" time="0.001"/>
  <system-out><![CDATA[]]></system-out>
  <system-err><![CDATA[]]></system-err>
</testsuite>
